# JRE version: OpenJDK Runtime Environment (17.0.11) (build 17.0.11+0--11852314)
# Java VM: OpenJDK 64-Bit Server VM (17.0.11+0--11852314, mixed mode, tiered, compressed oops, compressed class ptrs, g1 gc, windows-amd64)
GC Precious Log:
 CPUs: 8 total, 8 available
 Memory: 14212M
 Large Page Support: Disabled
 NUMA Support: Disabled
 Compressed Oops: Enabled (32-bit)
 Heap Region Size: 1M
 Heap Min Capacity: 8M
 Heap Initial Capacity: 224M
 Heap Max Capacity: 2G
 Pre-touch: Disabled
 Parallel Workers: 8
 Concurrent Workers: 2
 Concurrent Refinement Workers: 8
 Periodic GC: Disabled
Heap:
 garbage-first heap   total 324608K, used 133596K [0x0000000080000000, 0x0000000100000000)
  region size 1024K, 2 young (2048K), 2 survivors (2048K)
 Metaspace       used 163628K, committed 165504K, reserved 1245184K
  class space    used 21360K, committed 22272K, reserved 1048576K
GC Heap History (20 events):
Event: 27371.832 GC heap after
{Heap after GC invocations=175 (full 2):
 garbage-first heap   total 324608K, used 123510K [0x0000000080000000, 0x0000000100000000)
  region size 1024K, 1 young (1024K), 1 survivors (1024K)
 Metaspace       used 158950K, committed 161408K, reserved 1245184K
  class space    used 20821K, committed 22016K, reserved 1048576K
}
Event: 27371.859 GC heap before
{Heap before GC invocations=175 (full 2):
 garbage-first heap   total 324608K, used 137846K [0x0000000080000000, 0x0000000100000000)
  region size 1024K, 15 young (15360K), 1 survivors (1024K)
 Metaspace       used 158950K, committed 161408K, reserved 1245184K
  class space    used 20821K, committed 22016K, reserved 1048576K
}
Event: 27371.861 GC heap after
{Heap after GC invocations=176 (full 2):
 garbage-first heap   total 324608K, used 123453K [0x0000000080000000, 0x0000000100000000)
  region size 1024K, 1 young (1024K), 1 survivors (1024K)
 Metaspace       used 158950K, committed 161408K, reserved 1245184K
  class space    used 20821K, committed 22016K, reserved 1048576K
}
Event: 28601.797 GC heap before
{Heap before GC invocations=176 (full 2):
 garbage-first heap   total 324608K, used 261693K [0x0000000080000000, 0x0000000100000000)
  region size 1024K, 136 young (139264K), 1 survivors (1024K)
 Metaspace       used 158973K, committed 161408K, reserved 1245184K
  class space    used 20823K, committed 22016K, reserved 1048576K
}
Event: 28601.859 GC heap after
{Heap after GC invocations=177 (full 2):
 garbage-first heap   total 324608K, used 123946K [0x0000000080000000, 0x0000000100000000)
  region size 1024K, 2 young (2048K), 2 survivors (2048K)
 Metaspace       used 158973K, committed 161408K, reserved 1245184K
  class space    used 20823K, committed 22016K, reserved 1048576K
}
Event: 29549.065 GC heap before
{Heap before GC invocations=178 (full 2):
 garbage-first heap   total 324608K, used 260138K [0x0000000080000000, 0x0000000100000000)
  region size 1024K, 140 young (143360K), 2 survivors (2048K)
 Metaspace       used 158704K, committed 161408K, reserved 1245184K
  class space    used 20769K, committed 22016K, reserved 1048576K
}
Event: 29549.179 GC heap after
{Heap after GC invocations=179 (full 2):
 garbage-first heap   total 324608K, used 121269K [0x0000000080000000, 0x0000000100000000)
  region size 1024K, 3 young (3072K), 3 survivors (3072K)
 Metaspace       used 158704K, committed 161408K, reserved 1245184K
  class space    used 20769K, committed 22016K, reserved 1048576K
}
Event: 29549.557 GC heap before
{Heap before GC invocations=179 (full 2):
 garbage-first heap   total 324608K, used 133557K [0x0000000080000000, 0x0000000100000000)
  region size 1024K, 15 young (15360K), 3 survivors (3072K)
 Metaspace       used 158704K, committed 161408K, reserved 1245184K
  class space    used 20769K, committed 22016K, reserved 1048576K
}
Event: 29549.602 GC heap after
{Heap after GC invocations=180 (full 2):
 garbage-first heap   total 324608K, used 120657K [0x0000000080000000, 0x0000000100000000)
  region size 1024K, 2 young (2048K), 2 survivors (2048K)
 Metaspace       used 158704K, committed 161408K, reserved 1245184K
  class space    used 20769K, committed 22016K, reserved 1048576K
}
Event: 30542.387 GC heap before
{Heap before GC invocations=180 (full 2):
 garbage-first heap   total 324608K, used 267089K [0x0000000080000000, 0x0000000100000000)
  region size 1024K, 145 young (148480K), 2 survivors (2048K)
 Metaspace       used 158752K, committed 161408K, reserved 1245184K
  class space    used 20770K, committed 22016K, reserved 1048576K
}
Event: 30542.435 GC heap after
{Heap after GC invocations=181 (full 2):
 garbage-first heap   total 324608K, used 133393K [0x0000000080000000, 0x0000000100000000)
  region size 1024K, 15 young (15360K), 15 survivors (15360K)
 Metaspace       used 158752K, committed 161408K, reserved 1245184K
  class space    used 20770K, committed 22016K, reserved 1048576K
}
Event: 30544.644 GC heap before
{Heap before GC invocations=182 (full 2):
 garbage-first heap   total 324608K, used 234769K [0x0000000080000000, 0x0000000100000000)
  region size 1024K, 121 young (123904K), 15 survivors (15360K)
 Metaspace       used 160264K, committed 162304K, reserved 1245184K
  class space    used 20975K, committed 22080K, reserved 1048576K
}
Event: 30544.732 GC heap after
{Heap after GC invocations=183 (full 2):
 garbage-first heap   total 324608K, used 139811K [0x0000000080000000, 0x0000000100000000)
  region size 1024K, 13 young (13312K), 13 survivors (13312K)
 Metaspace       used 160264K, committed 162304K, reserved 1245184K
  class space    used 20975K, committed 22080K, reserved 1048576K
}
Event: 30544.759 GC heap before
{Heap before GC invocations=183 (full 2):
 garbage-first heap   total 324608K, used 141859K [0x0000000080000000, 0x0000000100000000)
  region size 1024K, 15 young (15360K), 13 survivors (13312K)
 Metaspace       used 160264K, committed 162304K, reserved 1245184K
  class space    used 20975K, committed 22080K, reserved 1048576K
}
Event: 30544.801 GC heap after
{Heap after GC invocations=184 (full 2):
 garbage-first heap   total 324608K, used 137299K [0x0000000080000000, 0x0000000100000000)
  region size 1024K, 2 young (2048K), 2 survivors (2048K)
 Metaspace       used 160264K, committed 162304K, reserved 1245184K
  class space    used 20975K, committed 22080K, reserved 1048576K
}
Event: 30558.796 GC heap before
{Heap before GC invocations=184 (full 2):
 garbage-first heap   total 324608K, used 258131K [0x0000000080000000, 0x0000000100000000)
  region size 1024K, 121 young (123904K), 2 survivors (2048K)
 Metaspace       used 160802K, committed 162752K, reserved 1245184K
  class space    used 21043K, committed 22080K, reserved 1048576K
}
Event: 30558.810 GC heap after
{Heap after GC invocations=185 (full 2):
 garbage-first heap   total 324608K, used 145657K [0x0000000080000000, 0x0000000100000000)
  region size 1024K, 11 young (11264K), 11 survivors (11264K)
 Metaspace       used 160802K, committed 162752K, reserved 1245184K
  class space    used 21043K, committed 22080K, reserved 1048576K
}
Event: 30559.784 GC heap before
{Heap before GC invocations=186 (full 2):
 garbage-first heap   total 324608K, used 254201K [0x0000000080000000, 0x0000000100000000)
  region size 1024K, 121 young (123904K), 11 survivors (11264K)
 Metaspace       used 163515K, committed 165376K, reserved 1245184K
  class space    used 21342K, committed 22272K, reserved 1048576K
}
Event: 30559.803 GC heap after
{Heap after GC invocations=187 (full 2):
 garbage-first heap   total 324608K, used 144320K [0x0000000080000000, 0x0000000100000000)
  region size 1024K, 2 young (2048K), 2 survivors (2048K)
 Metaspace       used 163515K, committed 165376K, reserved 1245184K
  class space    used 21342K, committed 22272K, reserved 1048576K
}
Event: 30560.014 GC heap before
{Heap before GC invocations=187 (full 2):
 garbage-first heap   total 324608K, used 156608K [0x0000000080000000, 0x0000000100000000)
  region size 1024K, 15 young (15360K), 2 survivors (2048K)
 Metaspace       used 163628K, committed 165504K, reserved 1245184K
  class space    used 21360K, committed 22272K, reserved 1048576K
}

